[aldendiabetesmellitus.online/upsell3/index.html]
[backblue.gif]
[fade.gif]
[index.html]
[aldendiabetesmellitus.online/upsell3/styles.css]
[aldendiabetesmellitus.online/upsell3/assets/code.jquery.com/jquery-1.12.4.js]
[aldendiabetesmellitus.online/upsell3/assets/maxcdn.bootstrapcdn.com/bootstrap/3.3.7/css/bootstrap.min.css]
[aldendiabetesmellitus.online/upsell3/assets/maxcdn.bootstrapcdn.com/bootstrap/3.3.7/js/bootstrap.min.js]
[aldendiabetesmellitus.online/upsell3/assets/use.fontawesome.com/106bf6f26c.js]
[images.converteai.net/292db38a-b0db-420a-bcd1-4ed01c003135/players/632e688a0834270009ba0330/thumbnail.jpg]
[scripts.converteai.net/292db38a-b0db-420a-bcd1-4ed01c003135/players/632e688a0834270009ba0330/player.js]
[pay.hotmart.com/assets/js/hotmart.upsell_checkout.js]
[ajax.googleapis.com/ajax/libs/jquery/3.4.1/jquery.min.js]
[aldendiabetesmellitus.online/upsell3/index.html]
[aldendiabetesmellitus.online/upsell3/styles.css]
[aldendiabetesmellitus.online/upsell3/assets/code.jquery.com/jquery-1.12.4.js]
[aldendiabetesmellitus.online/upsell3/assets/maxcdn.bootstrapcdn.com/bootstrap/3.3.7/css/bootstrap.min.css]
[aldendiabetesmellitus.online/upsell3/Popover requires tooltip.js]
[aldendiabetesmellitus.online/upsell3/assets/maxcdn.bootstrapcdn.com/bootstrap/3.3.7/js/bootstrap.min.js]
[aldendiabetesmellitus.online/upsell3/assets/use.fontawesome.com/106bf6f26c.js]
[aldendiabetesmellitus.online/upsell3/Popover requires tooltip.html]
